sample.interval=20000
"scan" "read.table" "read.csv" "rankall" 
"scan" "read.table" "read.csv" "rankall" 
"scan" "read.table" "read.csv" "rankall" 
"scan" "read.table" "read.csv" "rankall" 
"scan" "read.table" "read.csv" "rankall" 
"scan" "read.table" "read.csv" "rankall" 
"scan" "read.table" "read.csv" "rankall" 
"scan" "read.table" "read.csv" "rankall" 
".External2" "type.convert" "read.table" "read.csv" "rankall" 
"[[.data.frame" "[[" "[.data.frame" "[" "FUN" "lapply" "split.data.frame" "split" "rankall" 
"factor" "as.data.frame.character" "as.data.frame" "data.frame" "rbind" "rankall" 
"as.matrix.data.frame" "as.matrix" "[.data.frame" "[" "rank" "as.vector" "xtfrm.default" "xtfrm" "xtfrm" "as.vector" "FUN" "lapply" "order" "[.data.frame" "[" "rankall" 
"anyDuplicated" "[.data.frame" "[" "FUN" "lapply" "split.data.frame" "split" "rankall" 
"order" "do.call" "order" "[.data.frame" "[" "rankall" 
"sys.call" "match" "%in%" "[[.data.frame" "[[" "[.data.frame" "[" "FUN" "lapply" "split.data.frame" "split" "rankall" 
"anyDuplicated.default" "anyDuplicated" "[.data.frame" "[" "FUN" "lapply" "split.data.frame" "split" "rankall" 
"<Anonymous>" "[[.data.frame" "[[" "[.data.frame" "[" "FUN" "lapply" "split.data.frame" "split" "rankall" 
"length" "length" "[.data.frame" "[" "FUN" "lapply" "split.data.frame" "split" "rankall" 
"match" "%in%" "[.data.frame" "[" "FUN" "lapply" "split.data.frame" "split" "rankall" 
